<?xml version="1.0" encoding="UTF-8"?>
<!-- Generated by org.testng.reporters.JUnitXMLReporter -->
<testsuite ignored="0" hostname="SupriyaYadav" failures="0" tests="3" name="Test" time="0.094" errors="0" timestamp="2022-06-23T09:21:06 IST">
  <testcase classname="TestCases.SimpleTestCase" name="TestCase1" time="0.014"/>
  <testcase classname="TestCases.TestNGAnnotations" name="TestCase1" time="0.004"/>
  <testcase classname="TestCases.TestNGAnnotations" name="TestCase2" time="0.005"/>
</testsuite> <!-- Test -->
